0 info it worked if it ends with ok
1 verbose cli [ '/usr/bin/nodejs', '/usr/bin/npm', 'start' ]
2 info using npm@3.5.2
3 info using node@v4.2.6
4 verbose run-script [ 'prestart', 'start', 'poststart' ]
5 info lifecycle node-socket-chat@0.0.1~prestart: node-socket-chat@0.0.1
6 silly lifecycle node-socket-chat@0.0.1~prestart: no script for prestart, continuing
7 info lifecycle node-socket-chat@0.0.1~start: node-socket-chat@0.0.1
8 verbose lifecycle node-socket-chat@0.0.1~start: unsafe-perm in lifecycle true
9 verbose lifecycle node-socket-chat@0.0.1~start: PATH: /usr/share/npm/bin/node-gyp-bin:/var/www/html/StatusUpdate/node_modules/.bin:/usr/local/sbin:/usr/local/bin:/usr/sbin:/usr/bin:/sbin:/bin:/snap/bin
10 verbose lifecycle node-socket-chat@0.0.1~start: CWD: /var/www/html/StatusUpdate
11 silly lifecycle node-socket-chat@0.0.1~start: Args: [ '-c', 'nodemon index.js' ]
12 info lifecycle node-socket-chat@0.0.1~start: Failed to exec start script
13 verbose stack Error: node-socket-chat@0.0.1 start: `nodemon index.js`
13 verbose stack spawn ENOENT
13 verbose stack     at ChildProcess.<anonymous> (/usr/share/npm/lib/utils/spawn.js:17:16)
13 verbose stack     at emitTwo (events.js:87:13)
13 verbose stack     at ChildProcess.emit (events.js:172:7)
13 verbose stack     at maybeClose (internal/child_process.js:821:16)
13 verbose stack     at Process.ChildProcess._handle.onexit (internal/child_process.js:211:5)
14 verbose pkgid node-socket-chat@0.0.1
15 verbose cwd /var/www/html/StatusUpdate
16 error Linux 4.4.0-64-generic
17 error argv "/usr/bin/nodejs" "/usr/bin/npm" "start"
18 error node v4.2.6
19 error npm  v3.5.2
20 error file sh
21 error code ELIFECYCLE
22 error errno ENOENT
23 error syscall spawn
24 error node-socket-chat@0.0.1 start: `nodemon index.js`
24 error spawn ENOENT
25 error Failed at the node-socket-chat@0.0.1 start script 'nodemon index.js'.
25 error Make sure you have the latest version of node.js and npm installed.
25 error If you do, this is most likely a problem with the node-socket-chat package,
25 error not with npm itself.
25 error Tell the author that this fails on your system:
25 error     nodemon index.js
25 error You can get information on how to open an issue for this project with:
25 error     npm bugs node-socket-chat
25 error Or if that isn't available, you can get their info via:
25 error     npm owner ls node-socket-chat
25 error There is likely additional logging output above.
26 verbose exit [ 1, true ]
